100
0,4,2,3,5,6,1,7
133,150,42,54,74,60,110,110
0
0xffffff,0x505050,0x0,0xdddd,0x111111

"C:\Users\stanl\Downloads\Deadpool Kills the Marvel Universe 01-04 (of 04) (2012) GetComics.INFO.zip",93,94,,146442234,"19/07/25 20:38:18","19/07/25 20:14:25",12,2
"C:\Users\leock\Desktop\Everyday Monster Girls Chapter 26.5 [anon].zip",10,10,,10722365,"14/09/03 13:38:33","14/09/03 13:34:21",12,2
"C:\Users\leock\Desktop\HttpRequest.zip",1,3,,3423662,"14/09/03 13:38:32","14/08/09 16:45:00",12,2
"C:\Users\leock\Desktop\Kono_Bijutsubu_ni_wa_Mondai_ga_Aru_021_[MudaScans].zip",21,25,,8595673,"14/09/03 11:33:26","14/09/03 11:23:16",12,2
"C:\Users\leock\Desktop\Wakabayashi_4-koma_ch025_[Easy_Going].rar",12,14,,3125302,"14/09/03 00:31:45","14/09/02 11:40:03",12,2
"C:\Users\leock\Downloads\[Kaidzka] Natsu to Pantsu to Hiyake Shoujo (COMIC Anthurium 2013-09) [English] [Facedesk].zip",1,21,,18710752,"14/09/02 05:24:05","14/08/26 03:36:34",12,2
"C:\Users\leock\Desktop\[Wonderland Translations] Sachiusu c17.zip",7,7,,1815896,"14/09/01 12:21:54","14/09/01 12:21:54",12,2
"C:\Users\leock\Downloads\Incomplete\(C80) [Neko wa Manma ga Utsukushii (Hisasi)] Boku wa Lolicon da! (Boku wa Tomodachi ga Sukunai) [English] [Facedesk].zip",6,11,,11413708,"14/08/30 22:42:19","14/08/30 22:07:40",12,2
"C:\Users\leock\Downloads\(C86) [Himitsukessya Usagi (Dantyo)] CUSTOM LOVECATs [English] [Facedesk].zip",21,24,,24988646,"14/08/30 21:31:41","14/08/26 03:27:12",12,2
"C:\Users\leock\Downloads\[SaHa] Gorgeous Takarada - Sisters Heart (English).zip",200,236,,70386960,"14/08/29 20:23:26","14/08/29 19:38:43",12,2
"C:\Users\leock\Downloads\[Rokkaku Yasosuke] Obenkyou Ň Sex [English] [Facedesk].zip",1,19,,21790785,"14/08/29 19:38:38","14/08/26 03:53:55",12,2
"C:\Users\leock\Downloads\[Sabashi Renya] Hajirai Body (Complete) [English] {desudesu}.zip",2,230,,119780289,"14/08/29 19:38:35","14/08/26 03:57:52",12,2
"C:\Users\leock\Downloads\[Mozu] Babyface Glamour Ch.01-04 [English] [Facedesk].zip",2,81,,79074181,"14/08/29 19:38:30","14/08/26 03:39:41",12,2
"C:\Users\leock\Downloads\[Mojarin] Yuki-Sensei's Baby Journal (COMIC Kairakuten  2013-03) [TV].zip",16,16,,13334327,"14/08/29 19:37:53","14/08/29 19:37:53",12,2
"C:\Users\leock\Downloads\[Mojarin] Yui-chan is Growing Up! (COMIC Kairakuten 2013-11) [TV].zip",2,16,,8893128,"14/08/29 19:37:27","14/08/29 19:37:27",12,2
"C:\Users\leock\Downloads\[Musashimaru] Honey Time (English).zip",41,215,,462007296,"14/08/29 19:37:07","14/08/26 03:50:48",12,2
"C:\Users\leock\Downloads\[Mutsutake] Meguridokoro 1,1.5-2 [English] [Facedesk + Life4Kaoru].zip",72,73,,53421433,"14/08/29 19:33:31","14/08/27 20:22:31",12,2
"C:\Users\leock\Downloads\M no Honkai\[Hal] M no Honkai.zip",7,22,,23650916,"14/08/28 08:28:09","14/08/28 08:03:38",12,2
"C:\Users\leock\Downloads\[PC GAME MULTI] - Gran Theft Auto San Andreas + Crack NoCD - (Perfect DVD Version) - (Eng-Ita-Deu-Fra-Esp) - (By G-ADLVR_R7.rar",1,1,,-89270611,"14/08/28 01:00:47","14/08/27 21:45:41",12,2
"C:\Users\leock\Downloads\[Nipponsei] Sakurasou no Pet na Kanojo ED Single - DAYS of DASH [Suzuki Konomi].zip",1,1,,36493059,"14/08/27 21:45:41","14/08/27 21:45:41",12,2
"C:\Users\leock\Downloads\[Neet] Miharudere [English] [Facedesk].zip",25,25,,22487805,"14/08/27 21:40:54","14/08/26 11:02:03",12,2
"C:\Users\leock\Downloads\(C81) [Neko wa Manma ga Utsukushii (Hisasi)] Boku Loli! 2 (Boku wa Tomodachi ga Sukunai) [English] [Facedesk].zip",15,15,,20145103,"14/08/26 11:00:28","14/08/26 10:58:41",12,2
"C:\Users\leock\Downloads\[Hitsuji 1ban Shibori (Hitsuji Hako)] Kanojo no Pet Jinsei 3 [Digital] [English] [Facedesk].zip",1,27,,15350363,"14/08/26 10:58:30","14/08/26 02:40:17",12,2
"C:\Users\leock\Downloads\[Henreader] Nakayoshi Ribbon [English] [Facedesk].zip",31,31,,34839912,"14/08/26 10:55:03","14/08/26 10:46:24",12,2
"C:\Users\leock\Downloads\[Doki] Majyo to Houki to Kurobuchi Megane - Chapter 17 [543BEE4A].zip",1,7,,12517757,"14/08/26 10:48:39","14/08/26 10:48:39",12,2
"C:\Users\leock\Downloads\[Denmoe (Akabane Motomichi)] Koimusume Kore (Kantai Collection) [English] [Facedesk].zip",12,12,,17236035,"14/08/26 10:46:35","14/08/26 10:46:34",12,2
"C:\Users\leock\Downloads\[Henreader] Momoka no Kokuhaku [English] [Facedesk].zip",13,13,,14636377,"14/08/26 10:44:02","14/08/26 10:44:02",12,2
"C:\Users\leock\Downloads\[Mikuni Mizuki ]  I Just Can't Be Honest! (Comic Karikuten Beast 04-2014)[Eng][].zip",3,17,,14617508,"14/08/26 03:39:22","14/08/26 03:39:21",12,2
"C:\Users\leock\Downloads\(FF21) [Denmoe (Tachikata no Hi)] Kobato Roshutsu (Boku wa Tomodachi ga Sukunai).zip",15,18,,17744144,"14/08/26 03:33:25","14/08/26 03:33:25",12,2
"C:\Users\leock\Downloads\[Giuniu] Attaka-san Ch.01-02 [English] [Facedesk].zip",20,23,,21523361,"14/08/26 03:27:02","14/08/26 02:43:45",12,2
"C:\Users\leock\Downloads\[Gorgeous Takarada] Cannon Sensei Tobashisugi [English] [SaHa].zip",226,239,,103061548,"14/08/26 03:26:42","14/08/26 03:02:40",12,2
"C:\Users\leock\Downloads\[Homunculus]_Renai_Sample_[ENG].zip",1,238,,243255349,"14/08/26 02:43:37","14/08/26 02:43:37",12,2
"C:\Users\leock\Downloads\For Your Sake!\[Futou Ryouko] For Your Sake! [ENG].zip",25,25,,16163341,"14/08/26 01:02:03","14/08/26 01:01:53",12,2
"C:\Users\leock\Downloads\LLLL\LLLL_Chp_1.zip",11,47,,17507878,"14/08/26 01:01:43","14/08/26 01:01:43",12,2
"C:\Users\leock\Desktop\[Wonderland Translations] Sachiusu c16.zip",6,7,,1699972,"14/08/24 16:16:36","14/08/24 16:16:36",12,2
"C:\Users\leock\Downloads\I Got Myself a Little Sister\I Got Myself A Little Sister [2400] [yuriproject].zip",19,33,,28102549,"14/08/24 15:40:02","14/08/24 15:40:02",12,2
"C:\Users\leock\Downloads\Koiiro Etude\[NHFH] Koiiro Etude [Oosawa Yayoi].zip",5,17,,9593978,"14/08/24 15:20:07","14/08/24 14:02:50",12,2
"C:\Users\leock\Downloads\Narikiri Game\[Hachimitsu Scans] Narikiri Game (one-shot).rar",9,14,,3993157,"14/08/24 14:41:29","14/08/24 14:41:29",12,2
"C:\Users\leock\Downloads\Koigokoro Metronome\[NHFH] Koigokoro Metronome [Oosawa Yayoi].zip",37,37,,21985029,"14/08/24 14:11:56","14/08/24 14:11:56",12,2
"C:\Users\leock\Downloads\Stay Green\[NHFH] Stay Green [Oosawa Yayoi].zip",9,11,,5700872,"14/08/24 14:09:37","14/08/24 14:09:37",12,2
"C:\Users\leock\Downloads\Mama Mama\[NHFH] Mama Mama [Amano Shuninta].zip",7,15,,4122188,"14/08/24 14:00:50","14/08/24 14:00:50",12,2
"C:\Users\leock\Downloads\Fu-fu Book\[dynasty]_(C78)_Wife and_Wife_Doujin.zip",1,27,,6947404,"14/08/24 13:54:04","14/08/24 13:54:03",12,2
"C:\Users\leock\Desktop\Rising_X_Rydeen_ch23_[VISCANS].zip",29,29,,13322039,"14/08/23 19:22:02","14/08/21 22:42:41",12,2
"C:\Users\leock\Desktop\Rising_X_Rydeen_ch22_[VISCANS].zip",34,34,,14327098,"14/08/23 01:36:49","14/08/21 22:39:17",12,2
"C:\Users\leock\Desktop\STK 11.zip",30,34,,19145178,"14/08/23 01:36:35","14/08/21 22:46:54",12,2
"C:\Users\leock\Desktop\jitsu34.zip",1,22,,6561021,"14/08/22 01:30:39","14/08/22 00:08:18",12,2
"C:\Users\leock\Downloads\Enraptured_Make_Love.zip",4,192,,124580070,"14/08/22 01:30:37","14/08/22 01:30:37",12,2
"C:\Users\leock\Downloads\[Ashiomi Masato] PINK LINKS[QBtranslations]C0180-Anonymous.rar",88,214,,157359775,"14/08/22 01:29:49","14/08/22 01:29:49",12,2
"C:\Users\leock\Desktop\Ore_ga_Heroine_vol04_ch23_[VI-Scans+Orinjido].zip",18,19,,13302092,"14/08/21 23:41:43","14/08/21 23:39:07",12,2
"C:\Users\leock\Desktop\Ore_ga_Heroine_vol04_ch22_[VI-Scans+Orinjido].zip",28,28,,20125461,"14/08/21 23:34:35","14/08/21 23:25:10",12,2
"C:\Users\leock\Desktop\Manga\Ore_ga_Heroine_vol03_ch21_[VI-Scans+Orinjido].zip",22,22,,11207688,"14/08/21 23:30:52","14/08/21 23:30:52",12,2
"C:\Users\leock\Desktop\Manga\Ore_ga_Heroine_vol03_ch21.5_[VI-Scans+Orinjido].zip",4,4,,2777673,"14/08/21 23:30:43","14/08/21 23:30:43",12,2
"C:\Users\leock\Desktop\Manga\Ore_ga_Heroine_vol03_ch20[VI-Scans+Orinjido].zip",28,28,,17659741,"14/08/21 23:25:40","14/08/21 23:25:40",12,2
"C:\Users\leock\Desktop\Maga Tsuki Ch39.zip",30,30,,9290680,"14/08/21 22:47:07","14/08/21 22:47:07",12,2
"C:\Users\leock\Downloads\Ichiroh! [Scans]\Ichiroh!_v03[senfgurke2].rar",46,122,,289061135,"14/08/21 02:23:01","14/08/21 02:14:58",12,2
"C:\Users\leock\Downloads\Ichiroh! [Scans]\Ichiroh!_v02[senfgurke2].rar",122,122,,267348999,"14/08/21 02:06:11","14/08/19 12:31:50",12,2
"C:\Users\leock\Downloads\Ichiroh! [Scans]\Ichiroh!_v01[senfgurke2].rar",122,122,,317981281,"14/08/19 12:30:07","14/08/19 02:29:27",12,2
"C:\Users\leock\Desktop\L4K Release 400.zip",1,23,,17938635,"14/08/15 08:00:19","14/08/15 06:21:18",12,2
"C:\Users\leock\Desktop\Raspberry_Pi_21_Brilliant_Projects_2014.pdf",146,148,,77622299,"14/08/15 08:00:10","14/07/31 09:26:16",12,14
"C:\Users\leock\Desktop\tlr_fullcolor011.rar",1,20,,6287048,"14/08/15 08:00:06","14/08/15 07:53:31",12,2
"C:\Users\leock\Desktop\L4K Release 401.zip",1,23,,16289111,"14/08/15 06:42:33","14/08/15 03:41:13",12,2
"C:\Users\leock\Desktop\L4K Release 398.zip",19,19,,13436863,"14/08/15 06:13:31","14/08/15 06:13:31",12,2
"C:\Users\leock\Desktop\L4K Release 402.zip",1,27,,9670078,"14/08/15 05:39:11","14/08/15 03:44:14",12,2
"C:\Users\leock\Desktop\L4K Release 403.zip",1,23,,14863703,"14/08/15 05:38:06","14/08/15 03:46:17",12,2
"C:\Users\leock\Desktop\L4K Release 404.zip",1,27,,44652761,"14/08/15 05:37:46","14/08/15 04:14:11",12,2
"C:\Users\leock\Desktop\Working!! c126.zip",5,9,,2175327,"14/08/13 06:14:43","14/08/09 16:35:43",12,2
"C:\Users\leock\Downloads\7685\New folder (2)\Karen_Chameleon\Karen_Chameleon_3.rar",204,208,,92524530,"14/08/11 11:36:05","14/08/11 07:46:58",12,2
"C:\Users\leock\Downloads\7685\New folder (2)\Karen_Chameleon\Karen_Chameleon_2.rar",209,209,,92468506,"14/08/11 07:36:28","14/08/11 07:16:44",12,2
"C:\Users\leock\Downloads\7685\New folder (2)\Karen_Chameleon\Karen_Chameleon_1.rar",210,210,,68816783,"14/08/11 07:12:21","14/08/11 07:05:40",12,2
"C:\Users\leock\Downloads\[Shin-S] Accel World ED Single - unfinished (FLAC) [KOTOKO].rar",1,3,,164210044,"14/08/11 05:38:44","14/08/11 05:38:44",12,2
"C:\Users\leock\Downloads\[ShindoL] This Ojou-sama's in trouble! I've got to do something... [desudesu].rar",36,36,,21867053,"14/08/11 05:33:03","14/08/11 05:33:03",12,2
"C:\Users\leock\Downloads\Yamamoto-san and Kaidou-kun\[Satsuki Imonet] Yamamoto-san and Kaidou-kun [desudesu].rar",20,20,,21893473,"14/08/11 05:29:47","14/08/11 05:29:47",12,2
"C:\Users\leock\Downloads\Space_Dreams.rar",4,138,,40690719,"14/08/11 05:29:39","14/08/11 05:29:38",12,2
"C:\Users\leock\Downloads\Oni Kawa\(C77) [Ngmyu (Tougarashi Hideyu)] Oni Kawa (Original)[SMDC].rar",17,17,,47283858,"14/08/11 05:27:11","14/08/11 05:27:10",12,2
"C:\Users\leock\Downloads\Are_You_Satisfied_Now.rar",197,207,,98460041,"14/08/11 04:48:56","14/08/11 04:48:56",12,2
"C:\Users\leock\Downloads\Ore ga Doutei\Ore ga Doutei 19 [VisTrans].zip",26,34,,16341735,"14/08/11 03:56:11","14/08/11 01:17:45",12,2
"C:\Users\leock\Downloads\Ore ga Doutei\Ore ga Doutei 20 [VisTrans].zip",1,24,,12118173,"14/08/11 03:56:06","14/08/11 01:21:21",12,2
"C:\Users\leock\Downloads\Ore ga Doutei\Ore ga Doutei 21 [VisTrans].zip",1,22,,10630038,"14/08/11 03:56:02","14/08/11 01:23:40",12,2
"C:\Users\leock\Downloads\Ore ga Doutei\Ore ga Doutei 22 (end) [VisTrans].zip",1,35,,16038261,"14/08/11 03:56:01","14/08/11 01:25:28",12,2
"C:\Users\leock\Downloads\Ore ga Doutei\Ore ga Doutei 18 [VisTrans].zip",21,21,,10966324,"14/08/11 01:15:51","14/08/11 01:15:51",12,2
"C:\Users\leock\Downloads\Ore ga Doutei\Ore ga Doutei 17 [VisTrans].zip",30,30,,13750660,"14/08/11 01:13:26","14/08/11 01:13:26",12,2
"C:\Users\leock\Downloads\Ore ga Doutei\Ore ga Doutei 16 [VisTrans].zip",28,28,,13602930,"14/08/11 01:10:29","14/08/11 01:07:35",12,2
"C:\Users\leock\Downloads\Ore ga Doutei\Ore ga Doutei 15 [VisTrans].zip",34,34,,10355911,"14/08/11 01:03:12","14/08/11 01:03:12",12,2
"C:\Users\leock\Downloads\Ore ga Doutei\Ore ga Doutei 14 [VisTrans].zip",28,28,,7658779,"14/08/11 00:57:02","14/08/11 00:57:02",12,2
"C:\Users\leock\Downloads\Ore ga Doutei\Ore ga Doutei 13 [VisTrans].zip",30,30,,7563682,"14/08/11 00:52:43","14/08/11 00:52:43",12,2
"C:\Users\leock\Downloads\Ore ga Doutei\Ore ga Doutei 12 [Undead Scanteam].zip",30,30,,8541560,"14/08/11 00:49:33","14/08/11 00:49:33",12,2
"C:\Users\leock\Downloads\Ore ga Doutei\Ore ga Doutei 11 [Undead Scanteam].zip",32,32,,6920410,"14/08/11 00:45:44","14/08/11 00:45:44",12,2
"C:\Users\leock\Downloads\Ore ga Doutei\Ore ga Doutei 10 [Undead Scanteam].zip",33,33,,7790114,"14/08/11 00:40:40","14/08/11 00:40:40",12,2
"C:\Users\leock\Downloads\Ore ga Doutei\Ore ga Doutei 09 [VisTrans].rar",31,31,,7079068,"14/08/11 00:36:16","14/08/11 00:36:16",12,2
"C:\Users\leock\Downloads\Ore ga Doutei\Ore ga Doutei 08 [VisTrans].zip",36,36,,9580679,"14/08/11 00:29:51","14/08/11 00:29:51",12,2
"C:\Users\leock\Downloads\Ore ga Doutei\Ore ga Doutei 07 [VisTrans].zip",31,31,,8222407,"14/08/11 00:25:08","14/08/11 00:25:08",12,2
"C:\Users\leock\Downloads\Ore ga Doutei\Ore ga Doutei 06 [VisTrans].zip",30,30,,7002924,"14/08/11 00:22:06","14/08/11 00:22:05",12,2
"C:\Users\leock\Downloads\Ore ga Doutei\Ore ga Doutei 05 [VisTrans].zip",30,30,,10507768,"14/08/11 00:18:09","14/08/11 00:17:15",12,2
"C:\Users\leock\Downloads\Ore ga Doutei\[PROzess]Ore_ga_Doutei_-_Ch04.rar",26,26,,6023756,"14/08/11 00:17:17","14/08/11 00:13:14",12,2
"C:\Users\leock\Downloads\Ore ga Doutei\[PROzess]Ore_ga_Doutei_-_Ch03.rar",34,34,,6545811,"14/08/11 00:07:53","14/08/11 00:07:53",12,2
"C:\Users\leock\Downloads\Ore ga Doutei\[PROzess]Ore_ga_Doutei_-_Ch02.rar",35,35,,9217496,"14/08/11 00:02:31","14/08/11 00:02:31",12,2
"C:\Users\leock\Downloads\Ore ga Doutei\[PROzess]Ore_ga_Doutei_-_Ch01.rar",34,34,,9785721,"14/08/10 23:58:49","14/08/10 23:58:49",12,2
"C:\Users\leock\Desktop\[Wonderland Translations] Sachiusu c14.zip",6,7,,1810334,"14/08/10 22:32:15","14/08/10 21:55:45",12,2
"C:\Users\leock\Downloads\7685\New folder\[Yamatogawa] Aqua Bless [Uncensored][Eng].rar",7,220,,100747589,"14/08/09 13:07:31","14/07/29 20:00:14",12,2
"C:\Users\leock\Downloads\7685\New folder\[Kensoh Ogawa (Fukudahda)] Honey Blonde (Complete)[Uncensored][Eng].zip",215,215,,109427544,"14/08/09 13:02:43","14/08/09 09:36:05",12,2
